Using pre-set license
Built from '2020.3/staging' branch; Version is '2020.3.8f1 (507919d4fff5) revision 5273881'; Using compiler version '192528614'; Build Type 'Release'
OS: 'Windows 10 Pro; OS build 19041.985; Version 2004; 64bit' Language: 'en' Physical Memory: 65450 MB
BatchMode: 1, IsHumanControllingUs: 0, StartBugReporterOnCrash: 0, Is64bit: 1, IsPro: 0

 COMMAND LINE ARGUMENTS:
C:\Program Files\Unity\Hub\Editor\2020.3.8f1\Editor\Unity.exe
-adb2
-batchMode
-noUpm
-name
AssetImportWorker0
-projectPath
F:/UnityProjects/gmtk-2021-penumbrito
-logFile
Logs/AssetImportWorker0.log
-srvPort
60545
Successfully changed project path to: F:/UnityProjects/gmtk-2021-penumbrito
F:/UnityProjects/gmtk-2021-penumbrito
Using Asset Import Pipeline V2.
Refreshing native plugins compatible for Editor in 30.93 ms, found 1 plugins.
Preloading 0 native plugins for Editor in 0.00 ms.
Initialize engine version: 2020.3.8f1 (507919d4fff5)
[Subsystems] Discovering subsystems at path C:/Program Files/Unity/Hub/Editor/2020.3.8f1/Editor/Data/Resources/UnitySubsystems
[Subsystems] Discovering subsystems at path F:/UnityProjects/gmtk-2021-penumbrito/Assets
GfxDevice: creating device client; threaded=0
Direct3D:
    Version:  Direct3D 11.0 [level 11.1]
    Renderer: NVIDIA GeForce RTX 2080 Ti (ID=0x1e07)
    Vendor:   
    VRAM:     11048 MB
    Driver:   27.21.14.6663
Initialize mono
Mono path[0] = 'C:/Program Files/Unity/Hub/Editor/2020.3.8f1/Editor/Data/Managed'
Mono path[1] = 'C:/Program Files/Unity/Hub/Editor/2020.3.8f1/Editor/Data/MonoBleedingEdge/lib/mono/unityjit'
Mono config path = 'C:/Program Files/Unity/Hub/Editor/2020.3.8f1/Editor/Data/MonoBleedingEdge/etc'
Using monoOptions --debugger-agent=transport=dt_socket,embedding=1,server=y,suspend=n,address=127.0.0.1:56820
Begin MonoManager ReloadAssembly
Registering precompiled unity dll's ...
Register platform support module: C:/Program Files/Unity/Hub/Editor/2020.3.8f1/Editor/Data/PlaybackEngines/WebGLSupport/UnityEditor.WebGL.Extensions.dll
Register platform support module: C:/Program Files/Unity/Hub/Editor/2020.3.8f1/Editor/Data/PlaybackEngines/WindowsStandaloneSupport/UnityEditor.WindowsStandalone.Extensions.dll
Register platform support module: C:/Program Files/Unity/Hub/Editor/2020.3.8f1/Editor/Data/PlaybackEngines/LinuxStandaloneSupport/UnityEditor.LinuxStandalone.Extensions.dll
Registered in 0.004126 seconds.
Native extension for LinuxStandalone target not found
Native extension for WindowsStandalone target not found
Native extension for WebGL target not found
Refreshing native plugins compatible for Editor in 32.17 ms, found 1 plugins.
Preloading 0 native plugins for Editor in 0.00 ms.
Mono: successfully reloaded assembly
- Completed reload, in  1.092 seconds
Platform modules already initialized, skipping
Registering precompiled user dll's ...
Registered in 0.000867 seconds.
Begin MonoManager ReloadAssembly
Native extension for LinuxStandalone target not found
Native extension for WindowsStandalone target not found
Native extension for WebGL target not found
Refreshing native plugins compatible for Editor in 31.09 ms, found 1 plugins.
Preloading 0 native plugins for Editor in 0.00 ms.
Mono: successfully reloaded assembly
- Completed reload, in  0.756 seconds
Platform modules already initialized, skipping
========================================================================
Worker process is ready to serve import requests
Launched and connected shader compiler UnityShaderCompiler.exe after 0.05 seconds
Refreshing native plugins compatible for Editor in 0.46 ms, found 1 plugins.
Preloading 0 native plugins for Editor in 0.00 ms.
Unloading 1831 Unused Serialized files (Serialized files now loaded: 0)
System memory in use before: 87.2 MB.
System memory in use after: 87.3 MB.

Unloading 19 unused Assets to reduce memory usage. Loaded Objects now: 2278.
Total: 2.126000 ms (FindLiveObjects: 0.216600 ms CreateObjectMapping: 0.041700 ms MarkObjects: 1.791700 ms  DeleteObjects: 0.074600 ms)

========================================================================
Received Import Request.
  path: Assets/Scripts
  artifactKey: Guid(48607c53084d5b29f94704ad42581d1e) Importer(815301076,1909f56bfc062723c751e8b465ee728b)
Start importing Assets/Scripts using Guid(48607c53084d5b29f94704ad42581d1e) Importer(815301076,1909f56bfc062723c751e8b465ee728b)  -> (artifact id: '28fbfd7c24784a3ab64c73077ce38352') in 0.011133 seconds
  Import took 0.014165 seconds .

========================================================================
Received Import Request.
  Time since last request: 0.000292 seconds.
  path: Assets/_
  artifactKey: Guid(946dddd8531ecad6dac4a14007f4c174) Importer(815301076,1909f56bfc062723c751e8b465ee728b)
Start importing Assets/_ using Guid(946dddd8531ecad6dac4a14007f4c174) Importer(815301076,1909f56bfc062723c751e8b465ee728b)  -> (artifact id: '34fe317b62e0356bde6b11c838fe6e66') in 0.007592 seconds
  Import took 0.010119 seconds .

========================================================================
Received Import Request.
  Time since last request: 0.000349 seconds.
  path: Assets/Scripts/Timer
  artifactKey: Guid(b7981140f0eab6e0c9ac572de5676369) Importer(815301076,1909f56bfc062723c751e8b465ee728b)
Start importing Assets/Scripts/Timer using Guid(b7981140f0eab6e0c9ac572de5676369) Importer(815301076,1909f56bfc062723c751e8b465ee728b)  -> (artifact id: '18949e2e347f518fa9c454b4f14ca247') in 0.008262 seconds
  Import took 0.011040 seconds .

========================================================================
Received Import Request.
  Time since last request: 0.000344 seconds.
  path: Assets/Scenes
  artifactKey: Guid(7421edc2a33eb4c6ab3d41d16e965a28) Importer(815301076,1909f56bfc062723c751e8b465ee728b)
Start importing Assets/Scenes using Guid(7421edc2a33eb4c6ab3d41d16e965a28) Importer(815301076,1909f56bfc062723c751e8b465ee728b)  -> (artifact id: 'd157117d393bf93e2a51c8ab5afe9f76') in 0.007474 seconds
  Import took 0.010271 seconds .

========================================================================
Received Import Request.
  Time since last request: 0.000370 seconds.
  path: Assets/Scripts/Scenes
  artifactKey: Guid(1acb1c0aedde12ff6ba9bd95148c8c34) Importer(815301076,1909f56bfc062723c751e8b465ee728b)
Start importing Assets/Scripts/Scenes using Guid(1acb1c0aedde12ff6ba9bd95148c8c34) Importer(815301076,1909f56bfc062723c751e8b465ee728b)  -> (artifact id: '5303aae5a1ec8e80e5804c8f2f5b5cfc') in 0.006670 seconds
  Import took 0.009871 seconds .

========================================================================
Received Import Request.
  Time since last request: 0.000270 seconds.
  path: Assets/Scripts/Scenes/SceneHandler.cs
  artifactKey: Guid(f244cecf1b21a50ed96d12827df49762) Importer(815301076,1909f56bfc062723c751e8b465ee728b)
Start importing Assets/Scripts/Scenes/SceneHandler.cs using Guid(f244cecf1b21a50ed96d12827df49762) Importer(815301076,1909f56bfc062723c751e8b465ee728b)  -> (artifact id: '7614339ff10415ce49969ac9c59681c1') in 0.042187 seconds
  Import took 0.044936 seconds .

========================================================================
Received Import Request.
  Time since last request: 0.000588 seconds.
  path: Assets/Scripts/Scenes/SceneHandler.cs
  artifactKey: Guid(f244cecf1b21a50ed96d12827df49762) Importer(815301076,1909f56bfc062723c751e8b465ee728b)
Start importing Assets/Scripts/Scenes/SceneHandler.cs using Guid(f244cecf1b21a50ed96d12827df49762) Importer(815301076,1909f56bfc062723c751e8b465ee728b)  -> (artifact id: '7614339ff10415ce49969ac9c59681c1') in 0.007204 seconds
  Import took 0.009822 seconds .

========================================================================
Received Import Request.
  Time since last request: 12.023613 seconds.
  path: Assets/Scenes/MainMenu.unity
  artifactKey: Guid(580392d4be1ba1991a04763d1ac0c5e8) Importer(815301076,1909f56bfc062723c751e8b465ee728b)
Start importing Assets/Scenes/MainMenu.unity using Guid(580392d4be1ba1991a04763d1ac0c5e8) Importer(815301076,1909f56bfc062723c751e8b465ee728b)  -> (artifact id: '1722395b10a780fd96769766a326efda') in 0.016420 seconds
  Import took 0.019762 seconds .

========================================================================
Received Import Request.
  Time since last request: 23.162606 seconds.
  path: Assets/Scenes/SampleScene.unity
  artifactKey: Guid(2cda990e2423bbf4892e6590ba056729) Importer(815301076,1909f56bfc062723c751e8b465ee728b)
Start importing Assets/Scenes/SampleScene.unity using Guid(2cda990e2423bbf4892e6590ba056729) Importer(815301076,1909f56bfc062723c751e8b465ee728b)  -> (artifact id: 'abf3948fb9e8744505c1c6ba753ece1b') in 0.010483 seconds
  Import took 0.013649 seconds .

========================================================================
Received Import Request.
  Time since last request: 5.318211 seconds.
  path: Assets/Scenes/Level.unity
  artifactKey: Guid(83210781f4ed8ffb88736bd756be2b16) Importer(815301076,1909f56bfc062723c751e8b465ee728b)
Start importing Assets/Scenes/Level.unity using Guid(83210781f4ed8ffb88736bd756be2b16) Importer(815301076,1909f56bfc062723c751e8b465ee728b)  -> (artifact id: '3b7f2f0be664ee633618e06d5781633d') in 0.010297 seconds
  Import took 0.013621 seconds .

