Using pre-set license
Desktop is 1920 x 1080 @ 60 Hz

 COMMAND LINE ARGUMENTS:
Unity
-adb2
-batchMode
-noUpm
-name
AssetImportWorker2
-projectPath
/media/cbean/565026EB5026D193/Users/cbean/Documents/Portfolio/Game Design/Unity/Games/TESTING/WIP/GMTKJam2021_Studio_Penumbrito/gmtk_2021_penumbrito
-logFile
Logs/AssetImportWorker2.log
-srvPort
42481
Successfully changed project path to: /media/cbean/565026EB5026D193/Users/cbean/Documents/Portfolio/Game Design/Unity/Games/TESTING/WIP/GMTKJam2021_Studio_Penumbrito/gmtk_2021_penumbrito
/media/cbean/565026EB5026D193/Users/cbean/Documents/Portfolio/Game Design/Unity/Games/TESTING/WIP/GMTKJam2021_Studio_Penumbrito/gmtk_2021_penumbrito
Using Asset Import Pipeline V2.
Unable to load player prefs
Refreshing native plugins compatible for Editor in 104.57 ms, found 1 plugins.
Preloading 0 native plugins for Editor in 0.00 ms.
Initialize engine version: 2020.3.8f1 (507919d4fff5)
[Subsystems] Discovering subsystems at path /home/cbean/Applications/Unity/Editors/2020.3.8f1/Editor/Data/Resources/UnitySubsystems
[Subsystems] Discovering subsystems at path /media/cbean/565026EB5026D193/Users/cbean/Documents/Portfolio/Game Design/Unity/Games/TESTING/WIP/GMTKJam2021_Studio_Penumbrito/gmtk_2021_penumbrito/Assets
GLX Extensions: GLX_ARB_create_context GLX_ARB_create_context_no_error GLX_ARB_create_context_profile GLX_ARB_create_context_robustness GLX_ARB_fbconfig_float GLX_ARB_framebuffer_sRGB GLX_ARB_get_proc_address GLX_ARB_multisample GLX_EXT_buffer_age GLX_EXT_create_context_es2_profile GLX_EXT_create_context_es_profile GLX_EXT_fbconfig_packed_float GLX_EXT_framebuffer_sRGB GLX_EXT_import_context GLX_EXT_texture_from_pixmap GLX_EXT_visual_info GLX_EXT_visual_rating GLX_INTEL_swap_event GLX_MESA_copy_sub_buffer GLX_MESA_query_renderer GLX_MESA_swap_control GLX_OML_swap_method GLX_OML_sync_control GLX_SGIS_multisample GLX_SGIX_fbconfig GLX_SGIX_pbuffer GLX_SGIX_visual_select_group GLX_SGI_make_current_read GLX_SGI_swap_control GLX_SGI_video_sync 
Renderer: Mesa Intel(R) UHD Graphics 620 (KBL GT2)
Vendor:   Intel
Version:  4.6 (Core Profile) Mesa 20.2.6
GLES:     0
 GL_3DFX_texture_compression_FXT1 GL_AMD_conservative_depth GL_AMD_depth_clamp_separate GL_AMD_draw_buffers_blend GL_AMD_gpu_shader_int64 GL_AMD_multi_draw_indirect GL_AMD_performance_monitor GL_AMD_pinned_memory GL_AMD_query_buffer_object GL_AMD_seamless_cubemap_per_texture GL_AMD_shader_stencil_export GL_AMD_shader_trinary_minmax GL_AMD_texture_texture4 GL_AMD_vertex_shader_layer GL_AMD_vertex_shader_viewport_index GL_ANGLE_texture_compression_dxt3 GL_ANGLE_texture_compression_dxt5 GL_ARB_ES2_compatibility GL_ARB_ES3_1_compatibility GL_ARB_ES3_2_compatibility GL_ARB_ES3_compatibility GL_ARB_arrays_of_arrays GL_ARB_base_instance GL_ARB_blend_func_extended GL_ARB_buffer_storage GL_ARB_clear_buffer_object GL_ARB_clear_texture GL_ARB_clip_control GL_ARB_compressed_texture_pixel_storage GL_ARB_compute_shader GL_ARB_compute_variable_group_size GL_ARB_conditional_render_inverted GL_ARB_conservative_depth GL_ARB_copy_buffer GL_ARB_copy_image GL_ARB_cull_distance GL_ARB_debug_output GL_ARB_depth_buffer_float GL_ARB
_depth_clamp GL_ARB_derivative_control GL_ARB_direct_state_access GL_ARB_draw_buffers GL_ARB_draw_buffers_blend GL_ARB_draw_elements_base_vertex GL_ARB_draw_indirect GL_ARB_draw_instanced GL_ARB_enhanced_layouts GL_ARB_explicit_attrib_location GL_ARB_explicit_uniform_location GL_ARB_fragment_coord_conventions GL_ARB_fragment_layer_viewport GL_ARB_fragment_shader GL_ARB_fragment_shader_interlock GL_ARB_framebuffer_no_attachments GL_ARB_framebuffer_object GL_ARB_framebuffer_sRGB GL_ARB_get_program_binary GL_ARB_get_texture_sub_image GL_ARB_gl_spirv GL_ARB_gpu_shader5 GL_ARB_gpu_shader_fp64 GL_ARB_gpu_shader_int64 GL_ARB_half_float_pixel GL_ARB_half_float_vertex GL_ARB_indirect_parameters GL_ARB_instanced_arrays GL_ARB_internalformat_query GL_ARB_internalformat_query2 GL_ARB_invalidate_subdata GL_ARB_map_buffer_alignment GL_ARB_map_buffer_range GL_ARB_multi_bind GL_ARB_multi_draw_indirect GL_ARB_occlusion_query2 GL_ARB_parallel_shader_compile GL_ARB_pipeline_statistics_query GL_ARB_pixel_buffer_object GL_ARB_po
int_sprite GL_ARB_polygon_offset_clamp GL_ARB_post_depth_coverage GL_ARB_program_interface_query GL_ARB_provoking_vertex GL_ARB_query_buffer_object GL_ARB_robust_buffer_access_behavior GL_ARB_robustness GL_ARB_sample_shading GL_ARB_sampler_objects GL_ARB_seamless_cube_map GL_ARB_seamless_cubemap_per_texture GL_ARB_separate_shader_objects GL_ARB_shader_atomic_counter_ops GL_ARB_shader_atomic_counters GL_ARB_shader_ballot GL_ARB_shader_bit_encoding GL_ARB_shader_clock GL_ARB_shader_draw_parameters GL_ARB_shader_group_vote GL_ARB_shader_image_load_store GL_ARB_shader_image_size GL_ARB_shader_objects GL_ARB_shader_precision GL_ARB_shader_stencil_export GL_ARB_shader_storage_buffer_object GL_ARB_shader_subroutine GL_ARB_shader_texture_image_samples GL_ARB_shader_texture_lod GL_ARB_shader_viewport_layer_array GL_ARB_shading_language_420pack GL_ARB_shading_language_include GL_ARB_shading_language_packing GL_ARB_spirv_extensions GL_ARB_stencil_texturing GL_ARB_sync GL_ARB_tessellation_shader GL_ARB_texture_barrier G
L_ARB_texture_buffer_object GL_ARB_texture_buffer_object_rgb32 GL_ARB_texture_buffer_range GL_ARB_texture_compression_bptc GL_ARB_texture_compression_rgtc GL_ARB_texture_cube_map_array GL_ARB_texture_filter_anisotropic GL_ARB_texture_float GL_ARB_texture_gather GL_ARB_texture_mirror_clamp_to_edge GL_ARB_texture_multisample GL_ARB_texture_non_power_of_two GL_ARB_texture_query_levels GL_ARB_texture_query_lod GL_ARB_texture_rectangle GL_ARB_texture_rg GL_ARB_texture_rgb10_a2ui GL_ARB_texture_stencil8 GL_ARB_texture_storage GL_ARB_texture_storage_multisample GL_ARB_texture_swizzle GL_ARB_texture_view GL_ARB_timer_query GL_ARB_transform_feedback2 GL_ARB_transform_feedback3 GL_ARB_transform_feedback_instanced GL_ARB_transform_feedback_overflow_query GL_ARB_uniform_buffer_object GL_ARB_vertex_array_bgra GL_ARB_vertex_array_object GL_ARB_vertex_attrib_64bit GL_ARB_vertex_attrib_binding GL_ARB_vertex_buffer_object GL_ARB_vertex_shader GL_ARB_vertex_type_10f_11f_11f_rev GL_ARB_vertex_type_2_10_10_10_rev GL_ARB_viewpor
t_array GL_ATI_blend_equation_separate GL_ATI_texture_float GL_EXT_EGL_image_storage GL_EXT_EGL_sync GL_EXT_abgr GL_EXT_blend_equation_separate GL_EXT_demote_to_helper_invocation GL_EXT_draw_buffers2 GL_EXT_draw_instanced GL_EXT_framebuffer_blit GL_EXT_framebuffer_multisample GL_EXT_framebuffer_multisample_blit_scaled GL_EXT_framebuffer_object GL_EXT_framebuffer_sRGB GL_EXT_packed_depth_stencil GL_EXT_packed_float GL_EXT_pixel_buffer_object GL_EXT_polygon_offset_clamp GL_EXT_provoking_vertex GL_EXT_shader_framebuffer_fetch GL_EXT_shader_framebuffer_fetch_non_coherent GL_EXT_shader_integer_mix GL_EXT_shader_samples_identical GL_EXT_texture_array GL_EXT_texture_compression_dxt1 GL_EXT_texture_compression_rgtc GL_EXT_texture_compression_s3tc GL_EXT_texture_filter_anisotropic GL_EXT_texture_integer GL_EXT_texture_sRGB GL_EXT_texture_sRGB_R8 GL_EXT_texture_sRGB_decode GL_EXT_texture_shadow_lod GL_EXT_texture_shared_exponent GL_EXT_texture_snorm GL_EXT_texture_swizzle GL_EXT_timer_query GL_EXT_transform_feedback G
L_EXT_vertex_array_bgra GL_EXT_vertex_attrib_64bit GL_IBM_multimode_draw_arrays GL_INTEL_blackhole_render GL_INTEL_conservative_rasterization GL_INTEL_performance_query GL_INTEL_shader_atomic_float_minmax GL_INTEL_shader_integer_functions2 GL_KHR_blend_equation_advanced GL_KHR_blend_equation_advanced_coherent GL_KHR_context_flush_control GL_KHR_debug GL_KHR_no_error GL_KHR_parallel_shader_compile GL_KHR_robust_buffer_access_behavior GL_KHR_robustness GL_KHR_texture_compression_astc_ldr GL_KHR_texture_compression_astc_sliced_3d GL_MESA_framebuffer_flip_y GL_MESA_pack_invert GL_MESA_shader_integer_functions GL_MESA_texture_signed_rgba GL_NV_compute_shader_derivatives GL_NV_conditional_render GL_NV_copy_image GL_NV_depth_clamp GL_NV_fragment_shader_interlock GL_NV_packed_depth_stencil GL_NV_texture_barrier GL_OES_EGL_image GL_S3_s3tc
OPENGL LOG: Creating OpenGL 4.6 graphics device ; Context level  <OpenGL 4.5> ; Context handle 773140560
Initialize mono
Mono path[0] = '/home/cbean/Applications/Unity/Editors/2020.3.8f1/Editor/Data/Managed'
Mono path[1] = '/home/cbean/Applications/Unity/Editors/2020.3.8f1/Editor/Data/MonoBleedingEdge/lib/mono/unityjit'
Mono config path = '/home/cbean/Applications/Unity/Editors/2020.3.8f1/Editor/Data/MonoBleedingEdge/etc'
Using monoOptions --debugger-agent=transport=dt_socket,embedding=1,server=y,suspend=n,address=127.0.0.1:56594
Begin MonoManager ReloadAssembly
Registering precompiled unity dll's ...
Register platform support module: /home/cbean/Applications/Unity/Editors/2020.3.8f1/Editor/Data/PlaybackEngines/WebGLSupport/UnityEditor.WebGL.Extensions.dll
Register platform support module: /home/cbean/Applications/Unity/Editors/2020.3.8f1/Editor/Data/PlaybackEngines/WindowsStandaloneSupport/UnityEditor.WindowsStandalone.Extensions.dll
Register platform support module: /home/cbean/Applications/Unity/Editors/2020.3.8f1/Editor/Data/PlaybackEngines/LinuxStandaloneSupport/UnityEditor.LinuxStandalone.Extensions.dll
Registered in 0.001945 seconds.
Native extension for LinuxStandalone target not found
Native extension for WindowsStandalone target not found
Native extension for WebGL target not found
Refreshing native plugins compatible for Editor in 51.07 ms, found 1 plugins.
Preloading 0 native plugins for Editor in 0.00 ms.
Mono: successfully reloaded assembly
- Completed reload, in  1.865 seconds
Platform modules already initialized, skipping
Registering precompiled user dll's ...
Registered in 0.028428 seconds.
Begin MonoManager ReloadAssembly
Native extension for LinuxStandalone target not found
Native extension for WindowsStandalone target not found
Native extension for WebGL target not found
Refreshing native plugins compatible for Editor in 49.16 ms, found 1 plugins.
Preloading 0 native plugins for Editor in 0.00 ms.
Mono: successfully reloaded assembly
- Completed reload, in  1.829 seconds
Platform modules already initialized, skipping
========================================================================
Worker process is ready to serve import requests
Launched and connected shader compiler UnityShaderCompiler after 0.17 seconds
Refreshing native plugins compatible for Editor in 1.38 ms, found 1 plugins.
Preloading 0 native plugins for Editor in 0.00 ms.
Unloading 1816 Unused Serialized files (Serialized files now loaded: 0)
System memory in use before: 80.2 MB.
System memory in use after: 80.2 MB.

Unloading 24 unused Assets to reduce memory usage. Loaded Objects now: 2258.
Total: 4.635107 ms (FindLiveObjects: 0.290069 ms CreateObjectMapping: 0.151585 ms MarkObjects: 3.835377 ms  DeleteObjects: 0.355881 ms)

========================================================================
Received Import Request.
  path: Assets/Scripts/Timer
  artifactKey: Guid(b7981140f0eab6e0c9ac572de5676369) Importer(815301076,1909f56bfc062723c751e8b465ee728b)
Start importing Assets/Scripts/Timer using Guid(b7981140f0eab6e0c9ac572de5676369) Importer(815301076,1909f56bfc062723c751e8b465ee728b)  -> (artifact id: '8a402d006e3a950c82bd5668f6eb2ee2') in 0.025278 seconds
  Import took 0.029974 seconds .

========================================================================
Received Prepare
Registering precompiled user dll's ...
Registered in 0.024207 seconds.
Begin MonoManager ReloadAssembly
Native extension for LinuxStandalone target not found
Native extension for WindowsStandalone target not found
Native extension for WebGL target not found
Refreshing native plugins compatible for Editor in 0.43 ms, found 1 plugins.
Preloading 0 native plugins for Editor in 0.00 ms.
Mono: successfully reloaded assembly
- Completed reload, in  1.935 seconds
Platform modules already initialized, skipping
Refreshing native plugins compatible for Editor in 0.42 ms, found 1 plugins.
Preloading 0 native plugins for Editor in 0.00 ms.
Unloading 1813 Unused Serialized files (Serialized files now loaded: 0)
System memory in use before: 80.2 MB.
System memory in use after: 80.2 MB.

Unloading 12 unused Assets to reduce memory usage. Loaded Objects now: 2264.
Total: 3.498014 ms (FindLiveObjects: 0.243850 ms CreateObjectMapping: 0.082450 ms MarkObjects: 3.000179 ms  DeleteObjects: 0.169262 ms)

========================================================================
Received Import Request.
  Time since last request: 36.487407 seconds.
  path: Assets/Scripts/Timer/Timer.cs
  artifactKey: Guid(b0aba28b528f5d88c94406ea0b1ab824) Importer(815301076,1909f56bfc062723c751e8b465ee728b)
Start importing Assets/Scripts/Timer/Timer.cs using Guid(b0aba28b528f5d88c94406ea0b1ab824) Importer(815301076,1909f56bfc062723c751e8b465ee728b)  -> (artifact id: '36f9b990dea3c1f2b8a3dd07bda30628') in 0.026986 seconds
  Import took 0.031032 seconds .

========================================================================
Received Import Request.
  Time since last request: 0.000284 seconds.
  path: Assets/Scripts/Scenes
  artifactKey: Guid(1acb1c0aedde12ff6ba9bd95148c8c34) Importer(815301076,1909f56bfc062723c751e8b465ee728b)
Start importing Assets/Scripts/Scenes using Guid(1acb1c0aedde12ff6ba9bd95148c8c34) Importer(815301076,1909f56bfc062723c751e8b465ee728b)  -> (artifact id: 'af4d03c750f53048610ead4bc1b9fb3e') in 0.023726 seconds
  Import took 0.028185 seconds .

========================================================================
Received Import Request.
  Time since last request: 0.000307 seconds.
  path: Assets/Scripts/Scenes/SceneHandler.cs
  artifactKey: Guid(f244cecf1b21a50ed96d12827df49762) Importer(815301076,1909f56bfc062723c751e8b465ee728b)
Start importing Assets/Scripts/Scenes/SceneHandler.cs using Guid(f244cecf1b21a50ed96d12827df49762) Importer(815301076,1909f56bfc062723c751e8b465ee728b)  -> (artifact id: '7abd6c28e056c83ff5023bf1349beba7') in 0.026616 seconds
  Import took 0.031164 seconds .

========================================================================
Received Import Request.
  Time since last request: 0.004069 seconds.
  path: Assets/Scripts/Scenes/SceneHandler.cs
  artifactKey: Guid(f244cecf1b21a50ed96d12827df49762) Importer(815301076,1909f56bfc062723c751e8b465ee728b)
Start importing Assets/Scripts/Scenes/SceneHandler.cs using Guid(f244cecf1b21a50ed96d12827df49762) Importer(815301076,1909f56bfc062723c751e8b465ee728b)  -> (artifact id: '7abd6c28e056c83ff5023bf1349beba7') in 0.029654 seconds
  Import took 0.036072 seconds .

========================================================================
Received Import Request.
  Time since last request: 71.411092 seconds.
  path: Assets/Scenes/SampleScene.unity
  artifactKey: Guid(2cda990e2423bbf4892e6590ba056729) Importer(815301076,1909f56bfc062723c751e8b465ee728b)
Start importing Assets/Scenes/SampleScene.unity using Guid(2cda990e2423bbf4892e6590ba056729) Importer(815301076,1909f56bfc062723c751e8b465ee728b)  -> (artifact id: 'aa27944bdea339c97c39027c7eea529c') in 0.032635 seconds
  Import took 0.036539 seconds .

========================================================================
Received Import Request.
  Time since last request: 128.206395 seconds.
  path: Assets/Scenes/SampleScene.unity
  artifactKey: Guid(2cda990e2423bbf4892e6590ba056729) Importer(815301076,1909f56bfc062723c751e8b465ee728b)
Start importing Assets/Scenes/SampleScene.unity using Guid(2cda990e2423bbf4892e6590ba056729) Importer(815301076,1909f56bfc062723c751e8b465ee728b)  -> (artifact id: '12641ac292ab9405f487fab614064aa4') in 0.619252 seconds
  Import took 0.625564 seconds .

========================================================================
Received Import Request.
  Time since last request: 18.604732 seconds.
  path: Assets/Scenes/SampleScene 1.unity
  artifactKey: Guid(580392d4be1ba1991a04763d1ac0c5e8) Importer(815301076,1909f56bfc062723c751e8b465ee728b)
Start importing Assets/Scenes/SampleScene 1.unity using Guid(580392d4be1ba1991a04763d1ac0c5e8) Importer(815301076,1909f56bfc062723c751e8b465ee728b)  -> (artifact id: '393d53f790a55f54180d54e03e7f0cd8') in 0.140423 seconds
  Import took 0.145648 seconds .

========================================================================
Received Import Request.
  Time since last request: 3.977727 seconds.
  path: Assets/Scenes/MainMenu.unity
  artifactKey: Guid(580392d4be1ba1991a04763d1ac0c5e8) Importer(815301076,1909f56bfc062723c751e8b465ee728b)
Start importing Assets/Scenes/MainMenu.unity using Guid(580392d4be1ba1991a04763d1ac0c5e8) Importer(815301076,1909f56bfc062723c751e8b465ee728b)  -> (artifact id: '61fda670383e06235aa2f9fb0efc191b') in 0.077769 seconds
  Import took 0.081508 seconds .

========================================================================
Received Import Request.
  Time since last request: 45.171246 seconds.
  path: Assets/Scenes/MainMenu 1.unity
  artifactKey: Guid(a915cd5a8bd0785b6930c425a8de12a6) Importer(815301076,1909f56bfc062723c751e8b465ee728b)
Start importing Assets/Scenes/MainMenu 1.unity using Guid(a915cd5a8bd0785b6930c425a8de12a6) Importer(815301076,1909f56bfc062723c751e8b465ee728b)  -> (artifact id: '296c9c24cb28cc2785a755df56037c9b') in 0.032162 seconds
  Import took 0.036211 seconds .

========================================================================
Received Import Request.
  Time since last request: 2.541588 seconds.
  path: Assets/Scenes/GameOver.unity
  artifactKey: Guid(a915cd5a8bd0785b6930c425a8de12a6) Importer(815301076,1909f56bfc062723c751e8b465ee728b)
Start importing Assets/Scenes/GameOver.unity using Guid(a915cd5a8bd0785b6930c425a8de12a6) Importer(815301076,1909f56bfc062723c751e8b465ee728b)  -> (artifact id: 'a5be73a79b48f2d5ff183578930308a3') in 0.023896 seconds
  Import took 0.027896 seconds .

========================================================================
Received Prepare
Registering precompiled user dll's ...
Registered in 0.022104 seconds.
Begin MonoManager ReloadAssembly
Native extension for LinuxStandalone target not found
Native extension for WindowsStandalone target not found
Native extension for WebGL target not found
Refreshing native plugins compatible for Editor in 0.43 ms, found 1 plugins.
Preloading 0 native plugins for Editor in 0.00 ms.
Mono: successfully reloaded assembly
- Completed reload, in  1.893 seconds
Platform modules already initialized, skipping
Refreshing native plugins compatible for Editor in 0.37 ms, found 1 plugins.
Preloading 0 native plugins for Editor in 0.00 ms.
Unloading 1826 Unused Serialized files (Serialized files now loaded: 0)
System memory in use before: 82.1 MB.
System memory in use after: 81.6 MB.

Unloading 25 unused Assets to reduce memory usage. Loaded Objects now: 2268.
Total: 3.171890 ms (FindLiveObjects: 0.216514 ms CreateObjectMapping: 0.066910 ms MarkObjects: 2.542394 ms  DeleteObjects: 0.344756 ms)

========================================================================
Received Prepare
Refreshing native plugins compatible for Editor in 56.41 ms, found 1 plugins.
Preloading 0 native plugins for Editor in 0.00 ms.
Unloading 23 Unused Serialized files (Serialized files now loaded: 0)
System memory in use before: 45.4 MB.
System memory in use after: 44.9 MB.

Unloading 23 unused Assets to reduce memory usage. Loaded Objects now: 2268.
Total: 3.327554 ms (FindLiveObjects: 0.220560 ms CreateObjectMapping: 0.081907 ms MarkObjects: 2.606526 ms  DeleteObjects: 0.417350 ms)

========================================================================
Received Import Request.
  Time since last request: 818.407625 seconds.
  path: Assets/Scenes/GameOver 1.unity
  artifactKey: Guid(83210781f4ed8ffb88736bd756be2b16) Importer(815301076,1909f56bfc062723c751e8b465ee728b)
Start importing Assets/Scenes/GameOver 1.unity using Guid(83210781f4ed8ffb88736bd756be2b16) Importer(815301076,1909f56bfc062723c751e8b465ee728b)  -> (artifact id: '717f2317d7047303855d112efbfa437a') in 0.046705 seconds
  Import took 0.051441 seconds .

========================================================================
Received Import Request.
  Time since last request: 4.895255 seconds.
  path: Assets/Scenes/Level.unity
  artifactKey: Guid(83210781f4ed8ffb88736bd756be2b16) Importer(815301076,1909f56bfc062723c751e8b465ee728b)
Start importing Assets/Scenes/Level.unity using Guid(83210781f4ed8ffb88736bd756be2b16) Importer(815301076,1909f56bfc062723c751e8b465ee728b)  -> (artifact id: 'd80e6615a40a5671d485414ee8e7856f') in 0.020622 seconds
  Import took 0.024565 seconds .

AssetImportWorkerClient::OnTransportError - code=2 error=End of file
